<?xml version="1.0" encoding="UTF-8"?>
<testsuite name="testStringDrink" tests="5" skipped="0" failures="0" errors="0" timestamp="2021-12-03T15:38:00" hostname="MSI-JOSECARVALH" time="0.036">
  <properties/>
  <testcase name="stringReplacer()" classname="testStringDrink" time="0.026"/>
  <testcase name="stringDrink()" classname="testStringDrink" time="0.001"/>
  <testcase name="stringInverter()" classname="testStringDrink" time="0.002"/>
  <testcase name="stringRecipe()" classname="testStringDrink" time="0.003"/>
  <testcase name="stringCaseChanger()" classname="testStringDrink" time="0.001"/>
  <system-out><![CDATA[]]></system-out>
  <system-err><![CDATA[]]></system-err>
</testsuite>
